{
  "stats": {
    "suites": 1,
    "tests": 1,
    "passes": 0,
    "pending": 0,
    "failures": 1,
    "start": "2025-06-14T12:13:47.137Z",
    "end": "2025-06-14T12:13:57.512Z",
    "duration": 10375,
    "testsRegistered": 4,
    "passPercent": 0,
    "pendingPercent": 0,
    "other": 0,
    "hasOther": false,
    "skipped": 3,
    "hasSkipped": true
  },
  "results": [
    {
      "uuid": "d03152a1-9915-4152-b7d3-d396518274ae",
      "title": "",
      "fullFile": "cypress/e2e/navigation.cy.js",
      "file": "cypress/e2e/navigation.cy.js",
      "beforeHooks": [],
      "afterHooks": [],
      "tests": [],
      "suites": [
        {
          "uuid": "1ca9df46-b2d6-4e55-8642-fedb39ad0e4a",
          "title": "Navigation Tests",
          "fullFile": "",
          "file": "",
          "beforeHooks": [],
          "afterHooks": [],
          "tests": [
            {
              "title": "should load home page successfully",
              "fullTitle": "Navigation Tests should load home page successfully",
              "timedOut": null,
              "duration": 10304,
              "state": "failed",
              "speed": null,
              "pass": false,
              "fail": true,
              "pending": false,
              "context": null,
              "code": "homePage.verifyHomePageLoaded();\nhomePage.verifyPageTitle('MakeMyTrip');",
              "err": {
                "message": "CypressError: `cy.visit()` failed trying to load:\n\nhttps://www.makemytrip.com/\n\nWe attempted to make an http request to this URL but the request failed without a response.\n\nWe received this error at the network level:\n\n  > Error: ESOCKETTIMEDOUT\n\nCommon situations why this would fail:\n  - you don't have internet access\n  - you forgot to run / boot your web server\n  - your web server isn't accessible\n  - you have weird network configuration settings on your computer\n\nBecause this error occurred during a `before each` hook we are skipping the remaining tests in the current suite: `Navigation Tests`",
                "estack": "CypressError: `cy.visit()` failed trying to load:\n\nhttps://www.makemytrip.com/\n\nWe attempted to make an http request to this URL but the request failed without a response.\n\nWe received this error at the network level:\n\n  > Error: ESOCKETTIMEDOUT\n\nCommon situations why this would fail:\n  - you don't have internet access\n  - you forgot to run / boot your web server\n  - your web server isn't accessible\n  - you have weird network configuration settings on your computer\n\nBecause this error occurred during a `before each` hook we are skipping the remaining tests in the current suite: `Navigation Tests`\n    at <unknown> (https://www.makemytrip.com/__cypress/runner/cypress_runner.js:131607:74)\n    at visitFailedByErr (https://www.makemytrip.com/__cypress/runner/cypress_runner.js:131006:12)\n    at <unknown> (https://www.makemytrip.com/__cypress/runner/cypress_runner.js:131606:11)\n    at tryCatcher (https://www.makemytrip.com/__cypress/runner/cypress_runner.js:1830:23)\n    at Promise._settlePromiseFromHandler (https://www.makemytrip.com/__cypress/runner/cypress_runner.js:1542:31)\n    at Promise._settlePromise (https://www.makemytrip.com/__cypress/runner/cypress_runner.js:1599:18)\n    at Promise._settlePromise0 (https://www.makemytrip.com/__cypress/runner/cypress_runner.js:1644:10)\n    at Promise._settlePromises (https://www.makemytrip.com/__cypress/runner/cypress_runner.js:1720:18)\n    at _drainQueueStep (https://www.makemytrip.com/__cypress/runner/cypress_runner.js:2430:12)\n    at _drainQueue (https://www.makemytrip.com/__cypress/runner/cypress_runner.js:2423:9)\n    at Async._drainQueues (https://www.makemytrip.com/__cypress/runner/cypress_runner.js:2439:5)\n    at Async.drainQueues (https://www.makemytrip.com/__cypress/runner/cypress_runner.js:2309:14)\nFrom Your Spec Code:\n    at HomePage.visit (webpack://makemytrip-cypress-automation/./cypress/support/page-objects/HomePage.js:21:7)\n    at Context.eval (webpack://makemytrip-cypress-automation/./cypress/e2e/navigation.cy.js:8:13)\n\nFrom Node.js Internals:\n  Error: ESOCKETTIMEDOUT\n      at ClientRequest.<anonymous> (<embedded>:290:108477)\n      at Object.onceWrapper (node:events:628:28)\n      at ClientRequest.emit (node:events:514:28)\n      at TLSSocket.emitRequestTimeout (node:_http_client:847:9)\n      at Object.onceWrapper (node:events:628:28)\n      at TLSSocket.emit (node:events:526:35)\n      at TLSSocket._onTimeout (node:net:571:8)\n      at listOnTimeout (node:internal/timers:569:17)\n      at process.processTimers (node:internal/timers:512:7)",
                "diff": null
              },
              "uuid": "09b5927e-0bce-4f12-8195-da1fd51ca95d",
              "parentUUID": "1ca9df46-b2d6-4e55-8642-fedb39ad0e4a",
              "isHook": false,
              "skipped": false
            },
            {
              "title": "should navigate between different travel options",
              "fullTitle": "Navigation Tests should navigate between different travel options",
              "timedOut": null,
              "duration": 0,
              "state": "skipped",
              "speed": null,
              "pass": false,
              "fail": false,
              "pending": false,
              "context": null,
              "code": "// Test Flights tab\nhomePage.clickFlightsTab();\nhomePage.verifyHomePageLoaded();\n// Test Hotels tab\nhomePage.clickHotelsTab();\nhomePage.verifyHomePageLoaded();\n// Test Trains tab\nhomePage.clickTrainsTab();\nhomePage.verifyHomePageLoaded();\n// Test Bus tab\nhomePage.clickBusTab();\nhomePage.verifyHomePageLoaded();\n// Test Cabs tab\nhomePage.clickCabsTab();\nhomePage.verifyHomePageLoaded();",
              "err": {},
              "uuid": "2c7c7f0d-8d26-4730-8e87-7295774bf125",
              "parentUUID": "1ca9df46-b2d6-4e55-8642-fedb39ad0e4a",
              "isHook": false,
              "skipped": true
            },
            {
              "title": "should allow flight trip type selection",
              "fullTitle": "Navigation Tests should allow flight trip type selection",
              "timedOut": null,
              "duration": 0,
              "state": "skipped",
              "speed": null,
              "pass": false,
              "fail": false,
              "pending": false,
              "context": null,
              "code": "homePage.clickFlightsTab();\n// Test One Way selection\nhomePage.selectOneWayTrip();\n// Test Round Trip selection\nhomePage.selectRoundTrip();\n// Test Multi City selection\nhomePage.selectMultiCityTrip();",
              "err": {},
              "uuid": "7a83d1c8-7452-4128-84aa-53a885dcfcf9",
              "parentUUID": "1ca9df46-b2d6-4e55-8642-fedb39ad0e4a",
              "isHook": false,
              "skipped": true
            },
            {
              "title": "should verify page title and basic elements",
              "fullTitle": "Navigation Tests should verify page title and basic elements",
              "timedOut": null,
              "duration": 0,
              "state": "skipped",
              "speed": null,
              "pass": false,
              "fail": false,
              "pending": false,
              "context": null,
              "code": "cy.title().should('contain', 'MakeMyTrip');\nhomePage.verifyHomePageLoaded();",
              "err": {},
              "uuid": "a81a386f-bcfc-487a-9f6f-b0de308e1d81",
              "parentUUID": "1ca9df46-b2d6-4e55-8642-fedb39ad0e4a",
              "isHook": false,
              "skipped": true
            }
          ],
          "suites": [],
          "passes": [],
          "failures": [
            "09b5927e-0bce-4f12-8195-da1fd51ca95d"
          ],
          "pending": [],
          "skipped": [
            "2c7c7f0d-8d26-4730-8e87-7295774bf125",
            "7a83d1c8-7452-4128-84aa-53a885dcfcf9",
            "a81a386f-bcfc-487a-9f6f-b0de308e1d81"
          ],
          "duration": 10304,
          "root": false,
          "rootEmpty": false,
          "_timeout": 2000
        }
      ],
      "passes": [],
      "failures": [],
      "pending": [],
      "skipped": [],
      "duration": 0,
      "root": true,
      "rootEmpty": true,
      "_timeout": 2000
    }
  ],
  "meta": {
    "mocha": {
      "version": "7.0.1"
    },
    "mochawesome": {
      "options": {
        "quiet": false,
        "reportFilename": "mochawesome",
        "saveHtml": false,
        "saveJson": true,
        "consoleReporter": "spec",
        "useInlineDiffs": false,
        "code": true
      },
      "version": "7.1.3"
    },
    "marge": {
      "options": {
        "reportDir": "cypress/reports",
        "overwrite": false,
        "html": false,
        "json": true,
        "timestamp": "mmddyyyy_HHMMss"
      },
      "version": "6.2.0"
    }
  }
}